<?xml version="1.0" encoding="UTF-8"?>
<testsuite name="com.koreait.projectboard.controller.MainControllerTest" tests="1" skipped="0" failures="0" errors="0" timestamp="2023-01-04T04:33:31" hostname="oyun-yeong-ui-MacBookPro.local" time="0.442">
  <properties/>
  <testcase name="pageRedirect()" classname="com.koreait.projectboard.controller.MainControllerTest" time="0.442"/>
  <system-out><![CDATA[13:33:29.349 [Test worker] DEBUG org.springframework.test.context.BootstrapUtils - Instantiating CacheAwareContextLoaderDelegate from class [org.springframework.test.context.cache.DefaultCacheAwareContextLoaderDelegate]
13:33:29.359 [Test worker] DEBUG org.springframework.test.context.BootstrapUtils - Instantiating BootstrapContext using constructor [public org.springframework.test.context.support.DefaultBootstrapContext(java.lang.Class,org.springframework.test.context.CacheAwareContextLoaderDelegate)]
13:33:29.393 [Test worker] DEBUG org.springframework.test.context.BootstrapUtils - Instantiating TestContextBootstrapper for test class [com.koreait.projectboard.controller.MainControllerTest] from class [org.springframework.boot.test.autoconfigure.web.servlet.WebMvcTestContextBootstrapper]
13:33:29.402 [Test worker] INFO org.springframework.boot.test.autoconfigure.web.servlet.WebMvcTestContextBootstrapper - Neither @ContextConfiguration nor @ContextHierarchy found for test class [com.koreait.projectboard.controller.MainControllerTest], using SpringBootContextLoader
13:33:29.406 [Test worker] DEBUG org.springframework.test.context.support.AbstractContextLoader - Did not detect default resource location for test class [com.koreait.projectboard.controller.MainControllerTest]: class path resource [com/koreait/projectboard/controller/MainControllerTest-context.xml] does not exist
13:33:29.406 [Test worker] DEBUG org.springframework.test.context.support.AbstractContextLoader - Did not detect default resource location for test class [com.koreait.projectboard.controller.MainControllerTest]: class path resource [com/koreait/projectboard/controller/MainControllerTestContext.groovy] does not exist
13:33:29.406 [Test worker] INFO org.springframework.test.context.support.AbstractContextLoader - Could not detect default resource locations for test class [com.koreait.projectboard.controller.MainControllerTest]: no resource found for suffixes {-context.xml, Context.groovy}.
13:33:29.407 [Test worker] INFO org.springframework.test.context.support.AnnotationConfigContextLoaderUtils - Could not detect default configuration classes for test class [com.koreait.projectboard.controller.MainControllerTest]: MainControllerTest does not declare any static, non-private, non-final, nested classes annotated with @Configuration.
13:33:29.473 [Test worker] DEBUG org.springframework.test.context.support.ActiveProfilesUtils - Could not find an 'annotation declaring class' for annotation type [org.springframework.test.context.ActiveProfiles] and class [com.koreait.projectboard.controller.MainControllerTest]
13:33:29.529 [Test worker] DEBUG org.springframework.context.annotation.ClassPathScanningCandidateComponentProvider - Identified candidate component class: file [/Users/oyun-yeong/JAVA/koreait_oyy/spring_project/project-board/project-board/build/classes/java/main/com/koreait/projectboard/ProjectBoardApplication.class]
13:33:29.530 [Test worker] INFO org.springframework.boot.test.context.SpringBootTestContextBootstrapper - Found @SpringBootConfiguration com.koreait.projectboard.ProjectBoardApplication for test class com.koreait.projectboard.controller.MainControllerTest
13:33:29.532 [Test worker] DEBUG org.springframework.boot.test.autoconfigure.web.servlet.WebMvcTestContextBootstrapper - @TestExecutionListeners is not present for class [com.koreait.projectboard.controller.MainControllerTest]: using defaults.
13:33:29.532 [Test worker] INFO org.springframework.boot.test.autoconfigure.web.servlet.WebMvcTestContextBootstrapper - Loaded default TestExecutionListener class names from location [META-INF/spring.factories]: [org.springframework.boot.test.autoconfigure.restdocs.RestDocsTestExecutionListener, org.springframework.boot.test.autoconfigure.web.client.MockRestServiceServerResetTestExecutionListener, org.springframework.boot.test.autoconfigure.web.servlet.MockMvcPrintOnlyOnFailureTestExecutionListener, org.springframework.boot.test.autoconfigure.web.servlet.WebDriverTestExecutionListener, org.springframework.boot.test.autoconfigure.webservices.client.MockWebServiceServerTestExecutionListener, org.springframework.boot.test.mock.mockito.MockitoTestExecutionListener, org.springframework.boot.test.mock.mockito.ResetMocksTestExecutionListener, org.springframework.test.context.web.ServletTestExecutionListener, org.springframework.test.context.support.DirtiesContextBeforeModesTestExecutionListener, org.springframework.test.context.event.ApplicationEventsTestExecutionListener, org.springframework.test.context.support.DependencyInjectionTestExecutionListener, org.springframework.test.context.support.DirtiesContextTestExecutionListener, org.springframework.test.context.transaction.TransactionalTestExecutionListener, org.springframework.test.context.jdbc.SqlScriptsTestExecutionListener, org.springframework.test.context.event.EventPublishingTestExecutionListener]
13:33:29.549 [Test worker] INFO org.springframework.boot.test.autoconfigure.web.servlet.WebMvcTestContextBootstrapper - Using TestExecutionListeners: [org.springframework.test.context.web.ServletTestExecutionListener@71f67a79, org.springframework.test.context.support.DirtiesContextBeforeModesTestExecutionListener@3deb2326, org.springframework.test.context.event.ApplicationEventsTestExecutionListener@62d363ab, org.springframework.boot.test.mock.mockito.MockitoTestExecutionListener@7889a1ac, org.springframework.boot.test.autoconfigure.SpringBootDependencyInjectionTestExecutionListener@3aee3976, org.springframework.test.context.support.DirtiesContextTestExecutionListener@5ef8df1e, org.springframework.test.context.transaction.TransactionalTestExecutionListener@27cf3151, org.springframework.test.context.jdbc.SqlScriptsTestExecutionListener@127e70c5, org.springframework.test.context.event.EventPublishingTestExecutionListener@5910de75, org.springframework.boot.test.autoconfigure.restdocs.RestDocsTestExecutionListener@4108fa66, org.springframework.boot.test.autoconfigure.web.client.MockRestServiceServerResetTestExecutionListener@1f130eaf, org.springframework.boot.test.autoconfigure.web.servlet.MockMvcPrintOnlyOnFailureTestExecutionListener@7e0aadd0, org.springframework.boot.test.autoconfigure.web.servlet.WebDriverTestExecutionListener@21362712, org.springframework.boot.test.autoconfigure.webservices.client.MockWebServiceServerTestExecutionListener@27eb3298, org.springframework.boot.test.mock.mockito.ResetMocksTestExecutionListener@200a26bc]
13:33:29.552 [Test worker] DEBUG org.springframework.test.context.support.AbstractDirtiesContextTestExecutionListener - Before test class: context [DefaultTestContext@2a492f2a testClass = MainControllerTest, testInstance = [null], testMethod = [null], testException = [null], mergedContextConfiguration = [WebMergedContextConfiguration@3277e499 testClass = MainControllerTest, locations = '{}', classes = '{class com.koreait.projectboard.ProjectBoardApplication}', contextInitializerClasses = '[]', activeProfiles = '{}', propertySourceLocations = '{}', propertySourceProperties = '{org.springframework.boot.test.autoconfigure.web.servlet.WebMvcTestContextBootstrapper=true}', contextCustomizers = set[org.springframework.boot.test.autoconfigure.OverrideAutoConfigurationContextCustomizerFactory$DisableAutoConfigurationContextCustomizer@50fe837a, org.springframework.boot.test.autoconfigure.actuate.metrics.MetricsExportContextCustomizerFactory$DisableMetricExportContextCustomizer@546ccad7, org.springframework.boot.test.autoconfigure.filter.TypeExcludeFiltersContextCustomizer@cbd65c3d, org.springframework.boot.test.autoconfigure.properties.PropertyMappingContextCustomizer@f513068f, org.springframework.boot.test.autoconfigure.web.servlet.WebDriverContextCustomizerFactory$Customizer@4ba534b0, [ImportsContextCustomizer@585811a4 key = [org.springframework.boot.autoconfigure.cache.CacheAutoConfiguration, org.springframework.boot.autoconfigure.context.MessageSourceAutoConfiguration, org.springframework.boot.autoconfigure.data.web.SpringDataWebAutoConfiguration, org.springframework.boot.autoconfigure.freemarker.FreeMarkerAutoConfiguration, org.springframework.boot.autoconfigure.groovy.template.GroovyTemplateAutoConfiguration, org.springframework.boot.autoconfigure.gson.GsonAutoConfiguration, org.springframework.boot.autoconfigure.hateoas.HypermediaAutoConfiguration, org.springframework.boot.autoconfigure.http.HttpMessageConvertersAutoConfiguration, org.springframework.boot.autoconfigure.jackson.JacksonAutoConfiguration, org.springframework.boot.autoconfigure.jsonb.JsonbAutoConfiguration, org.springframework.boot.autoconfigure.mustache.MustacheAutoConfiguration, org.springframework.boot.autoconfigure.task.TaskExecutionAutoConfiguration, org.springframework.boot.autoconfigure.thymeleaf.ThymeleafAutoConfiguration, org.springframework.boot.autoconfigure.validation.ValidationAutoConfiguration, org.springframework.boot.autoconfigure.web.servlet.error.ErrorMvcAutoConfiguration, org.springframework.boot.autoconfigure.web.servlet.HttpEncodingAutoConfiguration, org.springframework.boot.autoconfigure.web.servlet.WebMvcAutoConfiguration, org.springframework.boot.test.autoconfigure.web.servlet.MockMvcAutoConfiguration, org.springframework.boot.test.autoconfigure.web.servlet.MockMvcWebClientAutoConfiguration, org.springframework.boot.test.autoconfigure.web.servlet.MockMvcWebDriverAutoConfiguration, org.springframework.boot.autoconfigure.security.oauth2.client.servlet.OAuth2ClientAutoConfiguration, org.springframework.boot.autoconfigure.security.oauth2.resource.servlet.OAuth2ResourceServerAutoConfiguration, org.springframework.boot.autoconfigure.security.servlet.SecurityAutoConfiguration, org.springframework.boot.autoconfigure.security.servlet.SecurityFilterAutoConfiguration, org.springframework.boot.autoconfigure.security.servlet.UserDetailsServiceAutoConfiguration, org.springframework.boot.test.autoconfigure.web.servlet.MockMvcSecurityConfiguration, org.springframework.boot.test.autoconfigure.web.reactive.WebTestClientAutoConfiguration, com.koreait.projectboard.config.SecurityConfig]], org.springframework.boot.test.context.filter.ExcludeFilterContextCustomizer@32f0fba8, org.springframework.boot.test.json.DuplicateJsonObjectContextCustomizerFactory$DuplicateJsonObjectContextCustomizer@ab7a938, org.springframework.boot.test.mock.mockito.MockitoContextCustomizer@0, org.springframework.boot.test.context.SpringBootTestArgs@1, org.springframework.boot.test.context.SpringBootTestWebEnvironment@0], resourceBasePath = 'src/main/webapp', contextLoader = 'org.springframework.boot.test.context.SpringBootContextLoader', parent = [null]], attributes = map[[empty]]], class annotated with @DirtiesContext [false] with mode [null].

  .   ____          _            __ _ _
 /\\ / ___'_ __ _ _(_)_ __  __ _ \ \ \ \
( ( )\___ | '_ | '_| | '_ \/ _` | \ \ \ \
 \\/  ___)| |_)| | | | | || (_| |  ) ) ) )
  '  |____| .__|_| |_|_| |_\__, | / / / /
 =========|_|==============|___/=/_/_/_/
 :: Spring Boot ::                (v2.7.7)

2023-01-04 13:33:30.082  INFO 2429 --- [    Test worker] c.k.p.controller.MainControllerTest      : Starting MainControllerTest using Java 17.0.5 on oyun-yeong-ui-MacBookPro.local with PID 2429 (started by oyun-yeong in /Users/oyun-yeong/JAVA/koreait_oyy/spring_project/project-board/project-board)
2023-01-04 13:33:30.083 DEBUG 2429 --- [    Test worker] c.k.p.controller.MainControllerTest      : Running with Spring Boot v2.7.7, Spring v5.3.24
2023-01-04 13:33:30.084  INFO 2429 --- [    Test worker] c.k.p.controller.MainControllerTest      : No active profile set, falling back to 1 default profile: "default"
2023-01-04 13:33:31.059  WARN 2429 --- [    Test worker] .s.s.UserDetailsServiceAutoConfiguration : 

Using generated security password: bae27ea3-4e7b-486a-b3aa-2f1b3b2b845a

This generated password is for development use only. Your security configuration must be updated before running your application in production.

2023-01-04 13:33:31.238  INFO 2429 --- [    Test worker] o.s.s.web.DefaultSecurityFilterChain     : Will secure any request with [org.springframework.security.web.session.DisableEncodeUrlFilter@30c19bff, org.springframework.security.web.context.request.async.WebAsyncManagerIntegrationFilter@4e375bba, org.springframework.security.web.context.SecurityContextPersistenceFilter@4a9a878, org.springframework.security.web.header.HeaderWriterFilter@2047981, org.springframework.security.web.csrf.CsrfFilter@4e22368c, org.springframework.security.web.authentication.logout.LogoutFilter@764b14b8, org.springframework.security.web.authentication.UsernamePasswordAuthenticationFilter@4a058df8, org.springframework.security.web.authentication.ui.DefaultLoginPageGeneratingFilter@31e739bf, org.springframework.security.web.authentication.ui.DefaultLogoutPageGeneratingFilter@ab2e6d2, org.springframework.security.web.savedrequest.RequestCacheAwareFilter@1c8f6c66, org.springframework.security.web.servletapi.SecurityContextHolderAwareRequestFilter@552cede7, org.springframework.security.web.authentication.AnonymousAuthenticationFilter@71664560, org.springframework.security.web.session.SessionManagementFilter@7c90b7b7, org.springframework.security.web.access.ExceptionTranslationFilter@456f7d9e, org.springframework.security.web.access.intercept.FilterSecurityInterceptor@7bbcf6f0]
2023-01-04 13:33:31.513 DEBUG 2429 --- [    Test worker] s.w.s.m.m.a.RequestMappingHandlerAdapter : ControllerAdvice beans: 0 @ModelAttribute, 0 @InitBinder, 1 RequestBodyAdvice, 1 ResponseBodyAdvice
2023-01-04 13:33:31.545  INFO 2429 --- [    Test worker] o.s.b.a.w.s.WelcomePageHandlerMapping    : Adding welcome page template: index
2023-01-04 13:33:31.589 DEBUG 2429 --- [    Test worker] s.w.s.m.m.a.RequestMappingHandlerMapping : 3 mappings in 'requestMappingHandlerMapping'
2023-01-04 13:33:31.619 DEBUG 2429 --- [    Test worker] o.s.w.s.handler.SimpleUrlHandlerMapping  : Patterns [/webjars/**, /**] in 'resourceHandlerMapping'
2023-01-04 13:33:31.628 DEBUG 2429 --- [    Test worker] .m.m.a.ExceptionHandlerExceptionResolver : ControllerAdvice beans: 0 @ExceptionHandler, 1 ResponseBodyAdvice
2023-01-04 13:33:31.795  INFO 2429 --- [    Test worker] o.s.b.t.m.w.SpringBootMockServletContext : Initializing Spring TestDispatcherServlet ''
2023-01-04 13:33:31.795  INFO 2429 --- [    Test worker] o.s.t.web.servlet.TestDispatcherServlet  : Initializing Servlet ''
2023-01-04 13:33:31.797  INFO 2429 --- [    Test worker] o.s.t.web.servlet.TestDispatcherServlet  : Completed initialization in 2 ms
2023-01-04 13:33:31.823  INFO 2429 --- [    Test worker] c.k.p.controller.MainControllerTest      : Started MainControllerTest in 2.213 seconds (JVM running for 3.286)
2023-01-04 13:33:32.239 DEBUG 2429 --- [    Test worker] s.w.s.m.m.a.RequestMappingHandlerMapping : Mapped to com.koreait.projectboard.controller.MainController#root()
2023-01-04 13:33:32.252 DEBUG 2429 --- [    Test worker] o.s.w.s.v.ContentNegotiatingViewResolver : Selected '*/*' given [*/*]
2023-01-04 13:33:32.253 DEBUG 2429 --- [    Test worker] o.s.w.servlet.view.InternalResourceView  : View [InternalResourceView], model {}
2023-01-04 13:33:32.253 DEBUG 2429 --- [    Test worker] o.s.w.servlet.view.InternalResourceView  : Forwarding to [/articles]

MockHttpServletRequest:
      HTTP Method = GET
      Request URI = /
       Parameters = {}
          Headers = []
             Body = null
    Session Attrs = {}

Handler:
             Type = com.koreait.projectboard.controller.MainController
           Method = com.koreait.projectboard.controller.MainController#root()

Async:
    Async started = false
     Async result = null

Resolved Exception:
             Type = null

ModelAndView:
        View name = forward:/articles
             View = null
            Model = null

FlashMap:
       Attributes = null

MockHttpServletResponse:
           Status = 200
    Error message = null
          Headers = [Content-Language:"en", X-Content-Type-Options:"nosniff", X-XSS-Protection:"1; mode=block", Cache-Control:"no-cache, no-store, max-age=0, must-revalidate", Pragma:"no-cache", Expires:"0", X-Frame-Options:"DENY"]
     Content type = null
             Body = 
    Forwarded URL = /articles
   Redirected URL = null
          Cookies = []
]]></system-out>
  <system-err><![CDATA[]]></system-err>
</testsuite>
